{"uuid":"3c96b4aa-a567-4fe3-9f57-64697fbb98a2","historyId":"209378d23436db93839281c970d8a1c","fullName":"PMS.PMSPhase1.Verify_header_in_rating_page.tc1","labels":[{"name":"package","value":"PMS.PMSPhase1.Verify_header_in_rating_page"},{"name":"testClass","value":"PMS.PMSPhase1.Verify_header_in_rating_page"},{"name":"testMethod","value":"tc1"},{"name":"parentSuite","value":"Default suite"},{"name":"suite","value":"Default test"},{"name":"subSuite","value":"PMS.PMSPhase1.Verify_header_in_rating_page"},{"name":"host","value":"SLTB155"},{"name":"thread","value":"25424@SLTB155.main(1)"},{"name":"framework","value":"testng"},{"name":"language","value":"java"}],"links":[],"name":"tc1","status":"failed","statusDetails":{"known":false,"muted":false,"flaky":false,"message":"expected [null] but found [org.openqa.selenium.NoSuchElementException: no such element: Unable to locate element: {\"method\":\"xpath\",\"selector\":\"(//div[@class='leftContent slds-col slds-wrap slds-text-body--small slds-text-color--weak']//a[text()='Employees']/../..//p)[2]\"}\n  (Session info: chrome=114.0.5735.199)\nFor documentation on this error, please visit: https://selenium.dev/exceptions/#no_such_element\nBuild info: version: '4.9.0', revision: 'd7057100a6'\nSystem info: os.name: 'Windows 10', os.arch: 'amd64', os.version: '10.0', java.version: '20.0.1'\nDriver info: org.openqa.selenium.chrome.ChromeDriver\nCommand: [373107d40fcc713e578646b537bd8fad, findElement {using=xpath, value=(//div[@class='leftContent slds-col slds-wrap slds-text-body--small slds-text-color--weak']//a[text()='Employees']/../..//p)[2]}]\nCapabilities {acceptInsecureCerts: false, browserName: chrome, browserVersion: 114.0.5735.199, chrome: {chromedriverVersion: 114.0.5735.90 (386bc09e8f4f..., userDataDir: C:\\Users\\JAYA~2.CHA\\AppData...}, goog:chromeOptions: {debuggerAddress: localhost:50503}, networkConnectionEnabled: false, pageLoadStrategy: normal, platformName: WINDOWS, proxy: Proxy(), se:cdp: ws://localhost:50503/devtoo..., se:cdpVersion: 114.0.5735.199, setWindowRect: true, strictFileInteractability: false, timeouts: {implicit: 0, pageLoad: 300000, script: 30000}, unhandledPromptBehavior: dismiss and notify, webauthn:extension:credBlob: true, webauthn:extension:largeBlob: true, webauthn:extension:minPinLength: true, webauthn:extension:prf: true, webauthn:virtualAuthenticators: true}\nSession ID: 373107d40fcc713e578646b537bd8fad]","trace":"java.lang.AssertionError: expected [null] but found [org.openqa.selenium.NoSuchElementException: no such element: Unable to locate element: {\"method\":\"xpath\",\"selector\":\"(//div[@class='leftContent slds-col slds-wrap slds-text-body--small slds-text-color--weak']//a[text()='Employees']/../..//p)[2]\"}\n  (Session info: chrome=114.0.5735.199)\nFor documentation on this error, please visit: https://selenium.dev/exceptions/#no_such_element\nBuild info: version: '4.9.0', revision: 'd7057100a6'\nSystem info: os.name: 'Windows 10', os.arch: 'amd64', os.version: '10.0', java.version: '20.0.1'\nDriver info: org.openqa.selenium.chrome.ChromeDriver\nCommand: [373107d40fcc713e578646b537bd8fad, findElement {using=xpath, value=(//div[@class='leftContent slds-col slds-wrap slds-text-body--small slds-text-color--weak']//a[text()='Employees']/../..//p)[2]}]\nCapabilities {acceptInsecureCerts: false, browserName: chrome, browserVersion: 114.0.5735.199, chrome: {chromedriverVersion: 114.0.5735.90 (386bc09e8f4f..., userDataDir: C:\\Users\\JAYA~2.CHA\\AppData...}, goog:chromeOptions: {debuggerAddress: localhost:50503}, networkConnectionEnabled: false, pageLoadStrategy: normal, platformName: WINDOWS, proxy: Proxy(), se:cdp: ws://localhost:50503/devtoo..., se:cdpVersion: 114.0.5735.199, setWindowRect: true, strictFileInteractability: false, timeouts: {implicit: 0, pageLoad: 300000, script: 30000}, unhandledPromptBehavior: dismiss and notify, webauthn:extension:credBlob: true, webauthn:extension:largeBlob: true, webauthn:extension:minPinLength: true, webauthn:extension:prf: true, webauthn:virtualAuthenticators: true}\nSession ID: 373107d40fcc713e578646b537bd8fad]\r\n\tat org.testng.Assert.fail(Assert.java:110)\r\n\tat org.testng.Assert.failNotSame(Assert.java:1573)\r\n\tat org.testng.Assert.assertNull(Assert.java:1506)\r\n\tat org.testng.Assert.assertNull(Assert.java:1494)\r\n\tat PMS.PMSPhase1.Verify_header_in_rating_page.tc1(Verify_header_in_rating_page.java:144)\r\n\tat java.base/jdk.internal.reflect.DirectMethodHandleAccessor.invoke(DirectMethodHandleAccessor.java:104)\r\n\tat java.base/java.lang.reflect.Method.invoke(Method.java:578)\r\n\tat org.testng.internal.invokers.MethodInvocationHelper.invokeMethod(MethodInvocationHelper.java:139)\r\n\tat org.testng.internal.invokers.TestInvoker.invokeMethod(TestInvoker.java:677)\r\n\tat org.testng.internal.invokers.TestInvoker.invokeTestMethod(TestInvoker.java:221)\r\n\tat org.testng.internal.invokers.MethodRunner.runInSequence(MethodRunner.java:50)\r\n\tat org.testng.internal.invokers.TestInvoker$MethodInvocationAgent.invoke(TestInvoker.java:969)\r\n\tat org.testng.internal.invokers.TestInvoker.invokeTestMethods(TestInvoker.java:194)\r\n\tat org.testng.internal.invokers.TestMethodWorker.invokeTestMethods(TestMethodWorker.java:148)\r\n\tat org.testng.internal.invokers.TestMethodWorker.run(TestMethodWorker.java:128)\r\n\tat java.base/java.util.ArrayList.forEach(ArrayList.java:1511)\r\n\tat org.testng.TestRunner.privateRun(TestRunner.java:829)\r\n\tat org.testng.TestRunner.run(TestRunner.java:602)\r\n\tat org.testng.SuiteRunner.runTest(SuiteRunner.java:437)\r\n\tat org.testng.SuiteRunner.runSequentially(SuiteRunner.java:431)\r\n\tat org.testng.SuiteRunner.privateRun(SuiteRunner.java:391)\r\n\tat org.testng.SuiteRunner.run(SuiteRunner.java:330)\r\n\tat org.testng.SuiteRunnerWorker.runSuite(SuiteRunnerWorker.java:52)\r\n\tat org.testng.SuiteRunnerWorker.run(SuiteRunnerWorker.java:95)\r\n\tat org.testng.TestNG.runSuitesSequentially(TestNG.java:1256)\r\n\tat org.testng.TestNG.runSuitesLocally(TestNG.java:1176)\r\n\tat org.testng.TestNG.runSuites(TestNG.java:1099)\r\n\tat org.testng.TestNG.run(TestNG.java:1067)\r\n\tat org.testng.remote.AbstractRemoteTestNG.run(AbstractRemoteTestNG.java:115)\r\n\tat org.testng.remote.RemoteTestNG.initAndRun(RemoteTestNG.java:251)\r\n\tat org.testng.remote.RemoteTestNG.main(RemoteTestNG.java:77)\r\n"},"stage":"finished","steps":[],"attachments":[],"parameters":[],"start":1688563535902,"stop":1688563580316}